bilinear -> conv -> 1x1 -> none
bilinear -> conv -> 1x1 -> ReLU
bilinear -> conv -> 1x1 -> LeakyReLU
bilinear -> conv -> 3x3 -> none
bilinear -> conv -> 3x3 -> ReLU
bilinear -> conv -> 3x3 -> LeakyReLU
bilinear -> conv -> 5x5 -> none
bilinear -> conv -> 5x5 -> ReLU
bilinear -> conv -> 5x5 -> LeakyReLU
bilinear -> conv -> 7x7 -> none
bilinear -> conv -> 7x7 -> ReLU
bilinear -> conv -> 7x7 -> LeakyReLU
bilinear -> trans_conv -> 1x1 -> none
bilinear -> trans_conv -> 1x1 -> ReLU
bilinear -> trans_conv -> 1x1 -> LeakyReLU
bilinear -> trans_conv -> 3x3 -> none
bilinear -> trans_conv -> 3x3 -> ReLU
bilinear -> trans_conv -> 3x3 -> LeakyReLU
bilinear -> trans_conv -> 5x5 -> none
bilinear -> trans_conv -> 5x5 -> ReLU
bilinear -> trans_conv -> 5x5 -> LeakyReLU
bilinear -> trans_conv -> 7x7 -> none
bilinear -> trans_conv -> 7x7 -> ReLU
bilinear -> trans_conv -> 7x7 -> LeakyReLU
bilinear -> split_stack_sum -> 1x1 -> none
bilinear -> split_stack_sum -> 1x1 -> ReLU
bilinear -> split_stack_sum -> 1x1 -> LeakyReLU
bilinear -> split_stack_sum -> 3x3 -> none
bilinear -> split_stack_sum -> 3x3 -> ReLU
bilinear -> split_stack_sum -> 3x3 -> LeakyReLU
bilinear -> split_stack_sum -> 5x5 -> none
bilinear -> split_stack_sum -> 5x5 -> ReLU
bilinear -> split_stack_sum -> 5x5 -> LeakyReLU
bilinear -> split_stack_sum -> 7x7 -> none
bilinear -> split_stack_sum -> 7x7 -> ReLU
bilinear -> split_stack_sum -> 7x7 -> LeakyReLU
bilinear -> sep_conv -> 1x1 -> none
bilinear -> sep_conv -> 1x1 -> ReLU
bilinear -> sep_conv -> 1x1 -> LeakyReLU
bilinear -> sep_conv -> 3x3 -> none
bilinear -> sep_conv -> 3x3 -> ReLU
bilinear -> sep_conv -> 3x3 -> LeakyReLU
bilinear -> sep_conv -> 5x5 -> none
bilinear -> sep_conv -> 5x5 -> ReLU
bilinear -> sep_conv -> 5x5 -> LeakyReLU
bilinear -> sep_conv -> 7x7 -> none
bilinear -> sep_conv -> 7x7 -> ReLU
bilinear -> sep_conv -> 7x7 -> LeakyReLU
bilinear -> depth_wise_conv -> 1x1 -> none
bilinear -> depth_wise_conv -> 1x1 -> ReLU
bilinear -> depth_wise_conv -> 1x1 -> LeakyReLU
bilinear -> depth_wise_conv -> 3x3 -> none
bilinear -> depth_wise_conv -> 3x3 -> ReLU
bilinear -> depth_wise_conv -> 3x3 -> LeakyReLU
bilinear -> depth_wise_conv -> 5x5 -> none
bilinear -> depth_wise_conv -> 5x5 -> ReLU
bilinear -> depth_wise_conv -> 5x5 -> LeakyReLU
bilinear -> depth_wise_conv -> 7x7 -> none
bilinear -> depth_wise_conv -> 7x7 -> ReLU
bilinear -> depth_wise_conv -> 7x7 -> LeakyReLU
bilinear -> identity -> 1x1 -> none
bilinear -> identity -> 1x1 -> ReLU
bilinear -> identity -> 1x1 -> LeakyReLU
bicubic -> conv -> 1x1 -> none
bicubic -> conv -> 1x1 -> ReLU
bicubic -> conv -> 1x1 -> LeakyReLU
bicubic -> conv -> 3x3 -> none
bicubic -> conv -> 3x3 -> ReLU
bicubic -> conv -> 3x3 -> LeakyReLU
bicubic -> conv -> 5x5 -> none
bicubic -> conv -> 5x5 -> ReLU
bicubic -> conv -> 5x5 -> LeakyReLU
bicubic -> conv -> 7x7 -> none
bicubic -> conv -> 7x7 -> ReLU
bicubic -> conv -> 7x7 -> LeakyReLU
bicubic -> trans_conv -> 1x1 -> none
bicubic -> trans_conv -> 1x1 -> ReLU
bicubic -> trans_conv -> 1x1 -> LeakyReLU
bicubic -> trans_conv -> 3x3 -> none
bicubic -> trans_conv -> 3x3 -> ReLU
bicubic -> trans_conv -> 3x3 -> LeakyReLU
bicubic -> trans_conv -> 5x5 -> none
bicubic -> trans_conv -> 5x5 -> ReLU
bicubic -> trans_conv -> 5x5 -> LeakyReLU
bicubic -> trans_conv -> 7x7 -> none
bicubic -> trans_conv -> 7x7 -> ReLU
bicubic -> trans_conv -> 7x7 -> LeakyReLU
bicubic -> split_stack_sum -> 1x1 -> none
bicubic -> split_stack_sum -> 1x1 -> ReLU
bicubic -> split_stack_sum -> 1x1 -> LeakyReLU
bicubic -> split_stack_sum -> 3x3 -> none
bicubic -> split_stack_sum -> 3x3 -> ReLU
bicubic -> split_stack_sum -> 3x3 -> LeakyReLU
bicubic -> split_stack_sum -> 5x5 -> none
bicubic -> split_stack_sum -> 5x5 -> ReLU
bicubic -> split_stack_sum -> 5x5 -> LeakyReLU
bicubic -> split_stack_sum -> 7x7 -> none
bicubic -> split_stack_sum -> 7x7 -> ReLU
bicubic -> split_stack_sum -> 7x7 -> LeakyReLU
bicubic -> sep_conv -> 1x1 -> none
bicubic -> sep_conv -> 1x1 -> ReLU
bicubic -> sep_conv -> 1x1 -> LeakyReLU
bicubic -> sep_conv -> 3x3 -> none
bicubic -> sep_conv -> 3x3 -> ReLU
bicubic -> sep_conv -> 3x3 -> LeakyReLU
bicubic -> sep_conv -> 5x5 -> none
bicubic -> sep_conv -> 5x5 -> ReLU
bicubic -> sep_conv -> 5x5 -> LeakyReLU
bicubic -> sep_conv -> 7x7 -> none
bicubic -> sep_conv -> 7x7 -> ReLU
bicubic -> sep_conv -> 7x7 -> LeakyReLU
bicubic -> depth_wise_conv -> 1x1 -> none
bicubic -> depth_wise_conv -> 1x1 -> ReLU
bicubic -> depth_wise_conv -> 1x1 -> LeakyReLU
bicubic -> depth_wise_conv -> 3x3 -> none
bicubic -> depth_wise_conv -> 3x3 -> ReLU
bicubic -> depth_wise_conv -> 3x3 -> LeakyReLU
bicubic -> depth_wise_conv -> 5x5 -> none
bicubic -> depth_wise_conv -> 5x5 -> ReLU
bicubic -> depth_wise_conv -> 5x5 -> LeakyReLU
bicubic -> depth_wise_conv -> 7x7 -> none
bicubic -> depth_wise_conv -> 7x7 -> ReLU
bicubic -> depth_wise_conv -> 7x7 -> LeakyReLU
bicubic -> identity -> 1x1 -> none
bicubic -> identity -> 1x1 -> ReLU
bicubic -> identity -> 1x1 -> LeakyReLU
nearest -> conv -> 1x1 -> none
nearest -> conv -> 1x1 -> ReLU
nearest -> conv -> 1x1 -> LeakyReLU
nearest -> conv -> 3x3 -> none
nearest -> conv -> 3x3 -> ReLU
nearest -> conv -> 3x3 -> LeakyReLU
nearest -> conv -> 5x5 -> none
nearest -> conv -> 5x5 -> ReLU
nearest -> conv -> 5x5 -> LeakyReLU
nearest -> conv -> 7x7 -> none
nearest -> conv -> 7x7 -> ReLU
nearest -> conv -> 7x7 -> LeakyReLU
nearest -> trans_conv -> 1x1 -> none
nearest -> trans_conv -> 1x1 -> ReLU
nearest -> trans_conv -> 1x1 -> LeakyReLU
nearest -> trans_conv -> 3x3 -> none
nearest -> trans_conv -> 3x3 -> ReLU
nearest -> trans_conv -> 3x3 -> LeakyReLU
nearest -> trans_conv -> 5x5 -> none
nearest -> trans_conv -> 5x5 -> ReLU
nearest -> trans_conv -> 5x5 -> LeakyReLU
nearest -> trans_conv -> 7x7 -> none
nearest -> trans_conv -> 7x7 -> ReLU
nearest -> trans_conv -> 7x7 -> LeakyReLU
nearest -> split_stack_sum -> 1x1 -> none
nearest -> split_stack_sum -> 1x1 -> ReLU
nearest -> split_stack_sum -> 1x1 -> LeakyReLU
nearest -> split_stack_sum -> 3x3 -> none
nearest -> split_stack_sum -> 3x3 -> ReLU
nearest -> split_stack_sum -> 3x3 -> LeakyReLU
nearest -> split_stack_sum -> 5x5 -> none
nearest -> split_stack_sum -> 5x5 -> ReLU
nearest -> split_stack_sum -> 5x5 -> LeakyReLU
nearest -> split_stack_sum -> 7x7 -> none
nearest -> split_stack_sum -> 7x7 -> ReLU
nearest -> split_stack_sum -> 7x7 -> LeakyReLU
nearest -> sep_conv -> 1x1 -> none
nearest -> sep_conv -> 1x1 -> ReLU
nearest -> sep_conv -> 1x1 -> LeakyReLU
nearest -> sep_conv -> 3x3 -> none
nearest -> sep_conv -> 3x3 -> ReLU
nearest -> sep_conv -> 3x3 -> LeakyReLU
nearest -> sep_conv -> 5x5 -> none
nearest -> sep_conv -> 5x5 -> ReLU
nearest -> sep_conv -> 5x5 -> LeakyReLU
nearest -> sep_conv -> 7x7 -> none
nearest -> sep_conv -> 7x7 -> ReLU
nearest -> sep_conv -> 7x7 -> LeakyReLU
nearest -> depth_wise_conv -> 1x1 -> none
nearest -> depth_wise_conv -> 1x1 -> ReLU
nearest -> depth_wise_conv -> 1x1 -> LeakyReLU
nearest -> depth_wise_conv -> 3x3 -> none
nearest -> depth_wise_conv -> 3x3 -> ReLU
nearest -> depth_wise_conv -> 3x3 -> LeakyReLU
nearest -> depth_wise_conv -> 5x5 -> none
nearest -> depth_wise_conv -> 5x5 -> ReLU
nearest -> depth_wise_conv -> 5x5 -> LeakyReLU
nearest -> depth_wise_conv -> 7x7 -> none
nearest -> depth_wise_conv -> 7x7 -> ReLU
nearest -> depth_wise_conv -> 7x7 -> LeakyReLU
nearest -> identity -> 1x1 -> none
nearest -> identity -> 1x1 -> ReLU
nearest -> identity -> 1x1 -> LeakyReLU
pixel_shuffle -> conv -> 1x1 -> none
pixel_shuffle -> conv -> 1x1 -> ReLU
pixel_shuffle -> conv -> 1x1 -> LeakyReLU
pixel_shuffle -> conv -> 3x3 -> none
pixel_shuffle -> conv -> 3x3 -> ReLU
pixel_shuffle -> conv -> 3x3 -> LeakyReLU
pixel_shuffle -> conv -> 5x5 -> none
pixel_shuffle -> conv -> 5x5 -> ReLU
pixel_shuffle -> conv -> 5x5 -> LeakyReLU
pixel_shuffle -> conv -> 7x7 -> none
pixel_shuffle -> conv -> 7x7 -> ReLU
pixel_shuffle -> conv -> 7x7 -> LeakyReLU
pixel_shuffle -> trans_conv -> 1x1 -> none
pixel_shuffle -> trans_conv -> 1x1 -> ReLU
pixel_shuffle -> trans_conv -> 1x1 -> LeakyReLU
pixel_shuffle -> trans_conv -> 3x3 -> none
pixel_shuffle -> trans_conv -> 3x3 -> ReLU
pixel_shuffle -> trans_conv -> 3x3 -> LeakyReLU
pixel_shuffle -> trans_conv -> 5x5 -> none
pixel_shuffle -> trans_conv -> 5x5 -> ReLU
pixel_shuffle -> trans_conv -> 5x5 -> LeakyReLU
pixel_shuffle -> trans_conv -> 7x7 -> none
pixel_shuffle -> trans_conv -> 7x7 -> ReLU
pixel_shuffle -> trans_conv -> 7x7 -> LeakyReLU
pixel_shuffle -> split_stack_sum -> 1x1 -> none
pixel_shuffle -> split_stack_sum -> 1x1 -> ReLU
pixel_shuffle -> split_stack_sum -> 1x1 -> LeakyReLU
pixel_shuffle -> split_stack_sum -> 3x3 -> none
pixel_shuffle -> split_stack_sum -> 3x3 -> ReLU
pixel_shuffle -> split_stack_sum -> 3x3 -> LeakyReLU
pixel_shuffle -> split_stack_sum -> 5x5 -> none
pixel_shuffle -> split_stack_sum -> 5x5 -> ReLU
pixel_shuffle -> split_stack_sum -> 5x5 -> LeakyReLU
pixel_shuffle -> split_stack_sum -> 7x7 -> none
pixel_shuffle -> split_stack_sum -> 7x7 -> ReLU
pixel_shuffle -> split_stack_sum -> 7x7 -> LeakyReLU
pixel_shuffle -> sep_conv -> 1x1 -> none
pixel_shuffle -> sep_conv -> 1x1 -> ReLU
pixel_shuffle -> sep_conv -> 1x1 -> LeakyReLU
pixel_shuffle -> sep_conv -> 3x3 -> none
pixel_shuffle -> sep_conv -> 3x3 -> ReLU
pixel_shuffle -> sep_conv -> 3x3 -> LeakyReLU
pixel_shuffle -> sep_conv -> 5x5 -> none
pixel_shuffle -> sep_conv -> 5x5 -> ReLU
pixel_shuffle -> sep_conv -> 5x5 -> LeakyReLU
pixel_shuffle -> sep_conv -> 7x7 -> none
pixel_shuffle -> sep_conv -> 7x7 -> ReLU
pixel_shuffle -> sep_conv -> 7x7 -> LeakyReLU
pixel_shuffle -> depth_wise_conv -> 1x1 -> none
pixel_shuffle -> depth_wise_conv -> 1x1 -> ReLU
pixel_shuffle -> depth_wise_conv -> 1x1 -> LeakyReLU
pixel_shuffle -> depth_wise_conv -> 3x3 -> none
pixel_shuffle -> depth_wise_conv -> 3x3 -> ReLU
pixel_shuffle -> depth_wise_conv -> 3x3 -> LeakyReLU
pixel_shuffle -> depth_wise_conv -> 5x5 -> none
pixel_shuffle -> depth_wise_conv -> 5x5 -> ReLU
pixel_shuffle -> depth_wise_conv -> 5x5 -> LeakyReLU
pixel_shuffle -> depth_wise_conv -> 7x7 -> none
pixel_shuffle -> depth_wise_conv -> 7x7 -> ReLU
pixel_shuffle -> depth_wise_conv -> 7x7 -> LeakyReLU
pixel_shuffle -> identity -> 1x1 -> none
pixel_shuffle -> identity -> 1x1 -> ReLU
pixel_shuffle -> identity -> 1x1 -> LeakyReLU
pixel_shuffle -> conv -> 1x1 -> none
pixel_shuffle -> conv -> 1x1 -> ReLU
pixel_shuffle -> conv -> 1x1 -> LeakyReLU
pixel_shuffle -> conv -> 3x3 -> none
pixel_shuffle -> conv -> 3x3 -> ReLU
pixel_shuffle -> conv -> 3x3 -> LeakyReLU
pixel_shuffle -> conv -> 5x5 -> none
pixel_shuffle -> conv -> 5x5 -> ReLU
pixel_shuffle -> conv -> 5x5 -> LeakyReLU
pixel_shuffle -> conv -> 7x7 -> none
pixel_shuffle -> conv -> 7x7 -> ReLU
pixel_shuffle -> conv -> 7x7 -> LeakyReLU
pixel_shuffle -> trans_conv -> 1x1 -> none
pixel_shuffle -> trans_conv -> 1x1 -> ReLU
pixel_shuffle -> trans_conv -> 1x1 -> LeakyReLU
pixel_shuffle -> trans_conv -> 3x3 -> none
pixel_shuffle -> trans_conv -> 3x3 -> ReLU
pixel_shuffle -> trans_conv -> 3x3 -> LeakyReLU
pixel_shuffle -> trans_conv -> 5x5 -> none
pixel_shuffle -> trans_conv -> 5x5 -> ReLU
pixel_shuffle -> trans_conv -> 5x5 -> LeakyReLU
pixel_shuffle -> trans_conv -> 7x7 -> none
pixel_shuffle -> trans_conv -> 7x7 -> ReLU
pixel_shuffle -> trans_conv -> 7x7 -> LeakyReLU
pixel_shuffle -> split_stack_sum -> 1x1 -> none
pixel_shuffle -> split_stack_sum -> 1x1 -> ReLU
pixel_shuffle -> split_stack_sum -> 1x1 -> LeakyReLU
pixel_shuffle -> split_stack_sum -> 3x3 -> none
pixel_shuffle -> split_stack_sum -> 3x3 -> ReLU
pixel_shuffle -> split_stack_sum -> 3x3 -> LeakyReLU
pixel_shuffle -> split_stack_sum -> 5x5 -> none
pixel_shuffle -> split_stack_sum -> 5x5 -> ReLU
pixel_shuffle -> split_stack_sum -> 5x5 -> LeakyReLU
pixel_shuffle -> split_stack_sum -> 7x7 -> none
pixel_shuffle -> split_stack_sum -> 7x7 -> ReLU
pixel_shuffle -> split_stack_sum -> 7x7 -> LeakyReLU
pixel_shuffle -> sep_conv -> 1x1 -> none
pixel_shuffle -> sep_conv -> 1x1 -> ReLU
pixel_shuffle -> sep_conv -> 1x1 -> LeakyReLU
pixel_shuffle -> sep_conv -> 3x3 -> none
pixel_shuffle -> sep_conv -> 3x3 -> ReLU
pixel_shuffle -> sep_conv -> 3x3 -> LeakyReLU
pixel_shuffle -> sep_conv -> 5x5 -> none
pixel_shuffle -> sep_conv -> 5x5 -> ReLU
pixel_shuffle -> sep_conv -> 5x5 -> LeakyReLU
pixel_shuffle -> sep_conv -> 7x7 -> none
pixel_shuffle -> sep_conv -> 7x7 -> ReLU
pixel_shuffle -> sep_conv -> 7x7 -> LeakyReLU
pixel_shuffle -> depth_wise_conv -> 1x1 -> none
pixel_shuffle -> depth_wise_conv -> 1x1 -> ReLU
pixel_shuffle -> depth_wise_conv -> 1x1 -> LeakyReLU
pixel_shuffle -> depth_wise_conv -> 3x3 -> none
pixel_shuffle -> depth_wise_conv -> 3x3 -> ReLU
pixel_shuffle -> depth_wise_conv -> 3x3 -> LeakyReLU
pixel_shuffle -> depth_wise_conv -> 5x5 -> none
pixel_shuffle -> depth_wise_conv -> 5x5 -> ReLU
pixel_shuffle -> depth_wise_conv -> 5x5 -> LeakyReLU
pixel_shuffle -> depth_wise_conv -> 7x7 -> none
pixel_shuffle -> depth_wise_conv -> 7x7 -> ReLU
pixel_shuffle -> depth_wise_conv -> 7x7 -> LeakyReLU
trans_conv -> identity -> 1x1 -> none
trans_conv -> identity -> 1x1 -> ReLU
trans_conv -> identity -> 1x1 -> LeakyReLU
trans_conv -> identity -> 3x3 -> none
trans_conv -> identity -> 3x3 -> ReLU
trans_conv -> identity -> 3x3 -> LeakyReLU
trans_conv -> identity -> 5x5 -> none
trans_conv -> identity -> 5x5 -> ReLU
trans_conv -> identity -> 5x5 -> LeakyReLU
